I 2022/11/18 19:46:48 working.go:110: 
      ___                                   ___           ___           ___
     /  /\        ___           ___        /__/\         /  /\         /__/\
    /  /:/_      /  /\         /__/|       \  \:\       /  /::\        \  \:\
   /  /:/ /\    /  /:/        |  |:|        \  \:\     /  /:/\:\        \  \:\
  /  /:/ /::\  /__/::\        |  |:|    ___  \  \:\   /  /:/~/::\   _____\__\:\
 /__/:/ /:/\:\ \__\/\:\__   __|__|:|   /__/\  \__\:\ /__/:/ /:/\:\ /__/::::::::\
 \  \:\/:/~/:/    \  \:\/\ /__/::::\   \  \:\ /  /:/ \  \:\/:/__\/ \  \:\~~\~~\/
  \  \::/ /:/      \__\::/    ~\~~\:\   \  \:\  /:/   \  \::/       \  \:\  ~~~
   \__\/ /:/       /__/:/       \  \:\   \  \:\/:/     \  \:\        \  \:\
     /__/:/        \__\/         \__\/    \  \::/       \  \:\        \  \:\
     \__\/                                 \__\/         \__\/         \__\/
I 2022/11/18 19:46:49 runtime.go:43: kernel is booting:
    * ver [2.5.0]
    * arch [amd64]
    * pid [10872]
    * runtime mode [prod]
    * working directory [C:\Program Files\SiYuan\resources]
    * read only [false]
    * container [std]
    * database [ver=20220501]
    * workspace directory [F:\代码笔记\个人云笔记\SiYuan]
I 2022/11/18 19:46:49 conf.go:100: initialized the specified language [zh_CN]
I 2022/11/18 19:46:49 port.go:65: check running kernel elapsed [0ms]
I 2022/11/18 19:46:49 serve.go:108: listen port elapsed [10ms]
I 2022/11/18 19:46:49 serve.go:115: kernel [pid=10872] is booting [http://127.0.0.1:14336]
I 2022/11/18 19:46:49 serve.go:123: kernel reverse proxy server [6806] is booting
I 2022/11/18 19:46:49 database.go:73: the database structure is changed, rebuilding database...
I 2022/11/18 19:46:49 database.go:93: reinitialized database [F:\代码笔记\个人云笔记\SiYuan\temp\siyuan.db]
I 2022/11/18 19:46:50 conf.go:610: database size [4.1 kB], tree/block count [0/0]
I 2022/11/18 19:46:50 working.go:148: kernel booted
I 2022/11/18 19:46:51 working.go:385: initialized built-in pandoc [ver=2.19.2, bin=F:\代码笔记\个人云笔记\SiYuan\temp\pandoc\bin\pandoc.exe]
I 2022/11/18 19:46:52 index.go:180: rebuilt database for notebook [20210808180117-czj9bvb] in [0.65s], tree [count=50, size=1.1 MB]
I 2022/11/18 19:46:53 index.go:251: resolved refs [78] in [283ms]
I 2022/11/18 19:47:50 box.go:79: auto stat [trees=50, blocks=1962, dataSize=3.1 MB, assetsSize=2.0 MB]
I 2022/11/18 20:10:15 index.go:180: rebuilt database for notebook [20221118201013-ed94zzd] in [1.29s], tree [count=0, size=0 B]
I 2022/11/18 20:10:15 index.go:251: resolved refs [78] in [237ms]
I 2022/11/18 20:11:40 index.go:180: rebuilt database for notebook [20221118201139-wnwtgcc] in [0.06s], tree [count=0, size=0 B]
I 2022/11/18 20:11:40 index.go:251: resolved refs [78] in [255ms]
E 2022/11/18 20:21:37 span.go:88: sql query failed: near "j": syntax error
E 2022/11/18 20:21:37 span.go:88: sql query failed: near "ji": syntax error
E 2022/11/18 20:21:38 span.go:88: sql query failed: near "ni": syntax error
E 2022/11/18 20:21:38 span.go:88: sql query failed: near "ni": syntax error
E 2022/11/18 20:21:38 span.go:88: sql query failed: near "ni": syntax error
E 2022/11/18 20:21:44 span.go:88: sql query failed: near "s": syntax error
E 2022/11/18 20:21:44 span.go:88: sql query failed: near "sh": syntax error
E 2022/11/18 20:21:44 span.go:88: sql query failed: near "shu": syntax error
E 2022/11/18 20:21:45 span.go:88: sql query failed: near "j": syntax error
E 2022/11/18 20:21:45 span.go:88: sql query failed: near "ji": syntax error
E 2022/11/18 20:22:35 span.go:88: sql query failed: near "j": syntax error
E 2022/11/18 20:22:35 span.go:88: sql query failed: near "ji": syntax error
E 2022/11/18 20:22:36 span.go:88: sql query failed: near "j": syntax error
E 2022/11/18 20:22:36 span.go:88: sql query failed: near "ni": syntax error
E 2022/11/18 20:22:36 span.go:88: sql query failed: near "ni": syntax error
E 2022/11/18 20:22:36 span.go:88: sql query failed: near "ni": syntax error
I 2022/11/18 20:23:04 conf.go:391: exiting kernel [force=false, execInstallPkg=0]
I 2022/11/18 20:23:04 database.go:1122: closed database
I 2022/11/18 20:23:04 conf.go:720: cleared workspace temp
I 2022/11/21 00:05:22 working.go:110: 
      ___                                   ___           ___           ___
     /  /\        ___           ___        /__/\         /  /\         /__/\
    /  /:/_      /  /\         /__/|       \  \:\       /  /::\        \  \:\
   /  /:/ /\    /  /:/        |  |:|        \  \:\     /  /:/\:\        \  \:\
  /  /:/ /::\  /__/::\        |  |:|    ___  \  \:\   /  /:/~/::\   _____\__\:\
 /__/:/ /:/\:\ \__\/\:\__   __|__|:|   /__/\  \__\:\ /__/:/ /:/\:\ /__/::::::::\
 \  \:\/:/~/:/    \  \:\/\ /__/::::\   \  \:\ /  /:/ \  \:\/:/__\/ \  \:\~~\~~\/
  \  \::/ /:/      \__\::/    ~\~~\:\   \  \:\  /:/   \  \::/       \  \:\  ~~~
   \__\/ /:/       /__/:/       \  \:\   \  \:\/:/     \  \:\        \  \:\
     /__/:/        \__\/         \__\/    \  \::/       \  \:\        \  \:\
     \__\/                                 \__\/         \__\/         \__\/
I 2022/11/21 00:05:24 runtime.go:43: kernel is booting:
    * ver [2.5.0]
    * arch [amd64]
    * pid [21752]
    * runtime mode [prod]
    * working directory [C:\Program Files\SiYuan\resources]
    * read only [false]
    * container [std]
    * database [ver=20220501]
    * workspace directory [F:\代码笔记\个人云笔记\SiYuan]
I 2022/11/21 00:05:25 port.go:65: check running kernel elapsed [0ms]
I 2022/11/21 00:05:25 serve.go:108: listen port elapsed [8ms]
I 2022/11/21 00:05:25 serve.go:115: kernel [pid=21752] is booting [http://127.0.0.1:6600]
I 2022/11/21 00:05:25 serve.go:123: kernel reverse proxy server [6806] is booting
I 2022/11/21 00:05:26 working.go:362: built-in pandoc [ver=2.19.2, bin=F:\代码笔记\个人云笔记\SiYuan\temp\pandoc\bin\pandoc.exe]
I 2022/11/21 00:05:26 conf.go:610: database size [4.1 MB], tree/block count [4/23]
I 2022/11/21 00:05:26 working.go:148: kernel booted
I 2022/11/21 00:06:26 box.go:79: auto stat [trees=4, blocks=22, dataSize=5.3 MB, assetsSize=4.1 MB]
I 2022/11/21 00:07:06 conf.go:391: exiting kernel [force=false, execInstallPkg=0]
I 2022/11/21 00:07:06 database.go:1122: closed database
I 2022/11/21 00:07:06 conf.go:720: cleared workspace temp
